<?xml version="1.0" encoding="UTF-8"?>
<testsuite name="com.example.NotesApp.NotesAppApplicationTests" tests="1" skipped="0" failures="0" errors="0" timestamp="2025-11-22T11:19:37.032Z" hostname="ACERASPIRE7RT" time="0.816">
  <properties/>
  <testcase name="contextLoads()" classname="com.example.NotesApp.NotesAppApplicationTests" time="0.816"/>
  <system-out><![CDATA[16:49:33.119 [Test worker] INFO org.springframework.test.context.support.AnnotationConfigContextLoaderUtils -- Could not detect default configuration classes for test class [com.example.NotesApp.NotesAppApplicationTests]: NotesAppApplicationTests does not declare any static, non-private, non-final, nested classes annotated with @Configuration.
16:49:33.257 [Test worker] INFO org.springframework.boot.test.context.SpringBootTestContextBootstrapper -- Found @SpringBootConfiguration com.example.NotesApp.NotesAppApplication for test class com.example.NotesApp.NotesAppApplicationTests

  .   ____          _            __ _ _
 /\\ / ___'_ __ _ _(_)_ __  __ _ \ \ \ \
( ( )\___ | '_ | '_| | '_ \/ _` | \ \ \ \
 \\/  ___)| |_)| | | | | || (_| |  ) ) ) )
  '  |____| .__|_| |_|_| |_\__, | / / / /
 =========|_|==============|___/=/_/_/_/

 :: Spring Boot ::                (v3.5.7)

2025-11-22T16:49:33.801+05:30  INFO 4156 --- [NotesApp] [    Test worker] c.e.NotesApp.NotesAppApplicationTests    : Starting NotesAppApplicationTests using Java 21.0.8 with PID 4156 (started by RT(Academic) in C:\Users\RT(Academic)\Downloads\NotesApp\NotesApp)
2025-11-22T16:49:33.803+05:30  INFO 4156 --- [NotesApp] [    Test worker] c.e.NotesApp.NotesAppApplicationTests    : No active profile set, falling back to 1 default profile: "default"
2025-11-22T16:49:34.415+05:30  INFO 4156 --- [NotesApp] [    Test worker] .s.d.r.c.RepositoryConfigurationDelegate : Bootstrapping Spring Data MongoDB repositories in DEFAULT mode.
2025-11-22T16:49:34.475+05:30  INFO 4156 --- [NotesApp] [    Test worker] .s.d.r.c.RepositoryConfigurationDelegate : Finished Spring Data repository scanning in 49 ms. Found 1 MongoDB repository interface.
2025-11-22T16:49:35.593+05:30  INFO 4156 --- [NotesApp] [    Test worker] org.mongodb.driver.client                : MongoClient with metadata {"application": {"name": "NotesCluster"}, "driver": {"name": "mongo-java-driver|sync|spring-boot", "version": "5.5.2"}, "os": {"type": "Windows", "name": "Windows 11", "architecture": "amd64", "version": "10.0"}, "platform": "Java/Microsoft/21.0.8+9-LTS"} created with settings MongoClientSettings{readPreference=primary, writeConcern=WriteConcern{w=null, wTimeout=null ms, journal=null}, retryWrites=true, retryReads=true, readConcern=ReadConcern{level=null}, credential=MongoCredential{mechanism=null, userName='rohantewari2023', source='admin', password=<hidden>, mechanismProperties=<hidden>}, transportSettings=null, commandListeners=[], codecRegistry=ProvidersCodecRegistry{codecProviders=[ValueCodecProvider{}, BsonValueCodecProvider{}, DBRefCodecProvider{}, DBObjectCodecProvider{}, DocumentCodecProvider{}, CollectionCodecProvider{}, IterableCodecProvider{}, MapCodecProvider{}, GeoJsonCodecProvider{}, GridFSFileCodecProvider{}, Jsr310CodecProvider{}, JsonObjectCodecProvider{}, BsonCodecProvider{}, EnumCodecProvider{}, com.mongodb.client.model.mql.ExpressionCodecProvider@3c60c681, com.mongodb.Jep395RecordCodecProvider@1b3a9ef4, com.mongodb.KotlinCodecProvider@7a1371]}, loggerSettings=LoggerSettings{maxDocumentLength=1000}, clusterSettings={hosts=[127.0.0.1:27017], srvHost=notescluster.ch4jv3z.mongodb.net, srvServiceName=mongodb, mode=MULTIPLE, requiredClusterType=REPLICA_SET, requiredReplicaSetName='atlas-eyvdch-shard-0', serverSelector='null', clusterListeners='[]', serverSelectionTimeout='30000 ms', localThreshold='15 ms'}, socketSettings=SocketSettings{connectTimeoutMS=10000, readTimeoutMS=0, receiveBufferSize=0, proxySettings=ProxySettings{host=null, port=null, username=null, password=null}}, heartbeatSocketSettings=SocketSettings{connectTimeoutMS=10000, readTimeoutMS=10000, receiveBufferSize=0, proxySettings=ProxySettings{host=null, port=null, username=null, password=null}}, connectionPoolSettings=ConnectionPoolSettings{maxSize=100, minSize=0, maxWaitTimeMS=120000, maxConnectionLifeTimeMS=0, maxConnectionIdleTimeMS=0, maintenanceInitialDelayMS=0, maintenanceFrequencyMS=60000, connectionPoolListeners=[], maxConnecting=2}, serverSettings=ServerSettings{heartbeatFrequencyMS=10000, minHeartbeatFrequencyMS=500, serverMonitoringMode=AUTO, serverListeners='[]', serverMonitorListeners='[]'}, sslSettings=SslSettings{enabled=true, invalidHostNameAllowed=false, context=null}, applicationName='NotesCluster', compressorList=[], uuidRepresentation=JAVA_LEGACY, serverApi=null, autoEncryptionSettings=null, dnsClient=null, inetAddressResolver=null, contextProvider=null, timeoutMS=null}
2025-11-22T16:49:35.697+05:30  INFO 4156 --- [NotesApp] [v3z.mongodb.net] org.mongodb.driver.cluster               : Adding discovered server ac-anqu1r0-shard-00-00.ch4jv3z.mongodb.net:27017 to client view of cluster
2025-11-22T16:49:35.737+05:30  INFO 4156 --- [NotesApp] [v3z.mongodb.net] org.mongodb.driver.cluster               : Adding discovered server ac-anqu1r0-shard-00-01.ch4jv3z.mongodb.net:27017 to client view of cluster
2025-11-22T16:49:35.743+05:30  INFO 4156 --- [NotesApp] [v3z.mongodb.net] org.mongodb.driver.cluster               : Adding discovered server ac-anqu1r0-shard-00-02.ch4jv3z.mongodb.net:27017 to client view of cluster
2025-11-22T16:49:37.004+05:30  INFO 4156 --- [NotesApp] [    Test worker] c.e.NotesApp.NotesAppApplicationTests    : Started NotesAppApplicationTests in 3.532 seconds (process running for 4.985)
]]></system-out>
  <system-err><![CDATA[Mockito is currently self-attaching to enable the inline-mock-maker. This will no longer work in future releases of the JDK. Please add Mockito as an agent to your build as described in Mockito's documentation: https://javadoc.io/doc/org.mockito/mockito-core/latest/org.mockito/org/mockito/Mockito.html#0.3
WARNING: A Java agent has been loaded dynamically (C:\Users\RT(Academic)\.gradle\caches\modules-2\files-2.1\net.bytebuddy\byte-buddy-agent\1.17.8\f09415827a71be7ed621c7bd02550678f28bc81c\byte-buddy-agent-1.17.8.jar)
WARNING: If a serviceability tool is in use, please run with -XX:+EnableDynamicAgentLoading to hide this warning
WARNING: If a serviceability tool is not in use, please run with -Djdk.instrument.traceUsage for more information
WARNING: Dynamic loading of agents will be disallowed by default in a future release
]]></system-err>
</testsuite>
